[INFO] Scanning for projects...
[WARNING] 
[WARNING] Some problems were encountered while building the effective model for com.example:QLDatVe:jar:0.0.1-SNAPSHOT
[WARNING] 'dependencies.dependency.(groupId:artifactId:type:classifier)' must be unique: org.springframework.boot:spring-boot-starter-test:jar -> duplicate declaration of version (?) @ line 86, column 21
[WARNING] 
[WARNING] It is highly recommended to fix these problems because they threaten the stability of your build.
[WARNING] 
[WARNING] For this reason, future Maven versions might no longer support building such malformed projects.
[WARNING] 
[INFO] 
[INFO] ------------------------< com.example:QLDatVe >-------------------------
[INFO] Building QLDatVe 0.0.1-SNAPSHOT
[INFO]   from pom.xml
[INFO] --------------------------------[ jar ]---------------------------------
[INFO] 
[INFO] --- resources:3.3.1:resources (default-resources) @ QLDatVe ---
[INFO] Copying 1 resource from src\main\resources to target\classes
[INFO] Copying 0 resource from src\main\resources to target\classes
[INFO] 
[INFO] --- compiler:3.14.0:compile (default-compile) @ QLDatVe ---
[INFO] Recompiling the module because of changed source code.
[INFO] Compiling 58 source files with javac [debug parameters release 21] to target\classes
[INFO] /E:/NguyenQuocKhanh/tester/QLDat_Ve/QLDat_Ve/automation_sandbox_20260327-170346/src/main/java/com/example/QLDatVe/config/ApplicationConfig.java: E:\NguyenQuocKhanh\tester\QLDat_Ve\QLDat_Ve\automation_sandbox_20260327-170346\src\main\java\com\example\QLDatVe\config\ApplicationConfig.java uses or overrides a deprecated API.
[INFO] /E:/NguyenQuocKhanh/tester/QLDat_Ve/QLDat_Ve/automation_sandbox_20260327-170346/src/main/java/com/example/QLDatVe/config/ApplicationConfig.java: Recompile with -Xlint:deprecation for details.
[INFO] /E:/NguyenQuocKhanh/tester/QLDat_Ve/QLDat_Ve/automation_sandbox_20260327-170346/src/main/java/com/example/QLDatVe/services/PaymentService.java: E:\NguyenQuocKhanh\tester\QLDat_Ve\QLDat_Ve\automation_sandbox_20260327-170346\src\main\java\com\example\QLDatVe\services\PaymentService.java uses unchecked or unsafe operations.
[INFO] /E:/NguyenQuocKhanh/tester/QLDat_Ve/QLDat_Ve/automation_sandbox_20260327-170346/src/main/java/com/example/QLDatVe/services/PaymentService.java: Recompile with -Xlint:unchecked for details.
[INFO] 
[INFO] --- resources:3.3.1:testResources (default-testResources) @ QLDatVe ---
[INFO] skip non existing resourceDirectory E:\NguyenQuocKhanh\tester\QLDat_Ve\QLDat_Ve\automation_sandbox_20260327-170346\src\test\resources
[INFO] 
[INFO] --- compiler:3.14.0:testCompile (default-testCompile) @ QLDatVe ---
[INFO] Recompiling the module because of changed dependency.
[INFO] Compiling 5 source files with javac [debug parameters release 21] to target\test-classes
[INFO] 
[INFO] --- surefire:3.5.4:test (default-test) @ QLDatVe ---
[INFO] Using auto detected provider org.apache.maven.surefire.junitplatform.JUnitPlatformProvider
[INFO] 
[INFO] -------------------------------------------------------
[INFO]  T E S T S
[INFO] -------------------------------------------------------
[INFO] Running com.example.QLDatVe.services.BookingTestSuite
[INFO] Running com.example.QLDatVe.services.BookingValidationTest
[INFO] Tests run: 7, Failures: 0, Errors: 0, Skipped: 0, Time elapsed: 1.381 s -- in com.example.QLDatVe.services.BookingValidationTest
[INFO] Running com.example.QLDatVe.services.BookingSafetyTest
--- Testing: Overlap Booking ([D01, D02] vs [D02, D03]) ---
17:04:13.786 [pool-2-thread-1] INFO com.example.QLDatVe.services.BookingService -- Booking ID null ?ã ???c t?o v?i tr?ng thái CONFIRMED.
17:04:13.790 [pool-2-thread-2] INFO com.example.QLDatVe.services.BookingService -- Booking ID null ?ã ???c t?o v?i tr?ng thái CONFIRMED.
17:04:13.821 [pool-2-thread-1] INFO com.example.QLDatVe.services.BookingService -- ? Email xác nh?n ?ã g?i thành công cho ID: null
17:04:13.821 [pool-2-thread-2] INFO com.example.QLDatVe.services.BookingService -- ? Email xác nh?n ?ã g?i thành công cho ID: null
--- Testing: 2 Users book same seat (MOMO) ---
17:04:13.973 [pool-3-thread-1] INFO com.example.QLDatVe.services.BookingService -- Booking ID null ?ã ???c t?o v?i tr?ng thái PENDING.
17:04:13.973 [pool-3-thread-2] INFO com.example.QLDatVe.services.BookingService -- Booking ID null ?ã ???c t?o v?i tr?ng thái PENDING.
17:04:13.992 [main] INFO com.example.QLDatVe.services.BookingService -- Booking ID null ?ã ???c t?o v?i tr?ng thái CONFIRMED.
17:04:13.996 [main] INFO com.example.QLDatVe.services.BookingService -- ? Email xác nh?n ?ã g?i thành công cho ID: null
17:04:14.015 [main] INFO com.example.QLDatVe.services.BookingService -- Booking ID null ?ã ???c t?o v?i tr?ng thái PENDING.
--- Testing: 2 Users book same seat (CASH) ---
17:04:14.044 [pool-4-thread-2] INFO com.example.QLDatVe.services.BookingService -- Booking ID null ?ã ???c t?o v?i tr?ng thái CONFIRMED.
17:04:14.044 [pool-4-thread-1] INFO com.example.QLDatVe.services.BookingService -- Booking ID null ?ã ???c t?o v?i tr?ng thái CONFIRMED.
17:04:14.045 [pool-4-thread-1] INFO com.example.QLDatVe.services.BookingService -- ? Email xác nh?n ?ã g?i thành công cho ID: null
17:04:14.045 [pool-4-thread-2] INFO com.example.QLDatVe.services.BookingService -- ? Email xác nh?n ?ã g?i thành công cho ID: null
17:04:14.097 [main] INFO com.example.QLDatVe.services.BookingService -- Booking ID null ?ã ???c t?o v?i tr?ng thái CONFIRMED.
17:04:14.098 [main] INFO com.example.QLDatVe.services.BookingService -- ? Email xác nh?n ?ã g?i thành công cho ID: null
[ERROR] Tests run: 8, Failures: 3, Errors: 0, Skipped: 0, Time elapsed: 0.650 s <<< FAILURE! -- in com.example.QLDatVe.services.BookingSafetyTest
[ERROR] com.example.QLDatVe.services.BookingTestSuite.testSafe_RaceCondition_OverlapSeats -- Time elapsed: 0.463 s <<< FAILURE!
org.mockito.exceptions.verification.TooManyActualInvocations: 

bookingRepository.save(
    <any com.example.QLDatVe.entities.Booking>
);
Wanted 1 time:
-> at com.example.QLDatVe.services.BookingSafetyTest.runCustomRace(BookingSafetyTest.java:251)
But was 2 times:
-> at com.example.QLDatVe.services.BookingService.createBooking(BookingService.java:97)
-> at com.example.QLDatVe.services.BookingService.createBooking(BookingService.java:97)


	at com.example.QLDatVe.services.BookingSafetyTest.runCustomRace(BookingSafetyTest.java:251)
	at com.example.QLDatVe.services.BookingSafetyTest.testSafe_RaceCondition_OverlapSeats(BookingSafetyTest.java:153)
	at java.base/java.lang.reflect.Method.invoke(Method.java:580)
	at org.mockito.internal.runners.DefaultInternalRunner$1$1.evaluate(DefaultInternalRunner.java:55)
	at org.mockito.internal.runners.DefaultInternalRunner$1.run(DefaultInternalRunner.java:100)
	at org.mockito.internal.runners.DefaultInternalRunner.run(DefaultInternalRunner.java:107)
	at org.mockito.internal.runners.StrictRunner.run(StrictRunner.java:42)
	at org.mockito.junit.MockitoJUnitRunner.run(MockitoJUnitRunner.java:163)

[ERROR] com.example.QLDatVe.services.BookingTestSuite.testSafe_RaceCondition_MOMO_OneSeat -- Time elapsed: 0.042 s <<< FAILURE!
org.mockito.exceptions.verification.TooManyActualInvocations: 

bookingRepository.save(
    <any com.example.QLDatVe.entities.Booking>
);
Wanted 1 time:
-> at com.example.QLDatVe.services.BookingSafetyTest.runConcurrentTest(BookingSafetyTest.java:239)
But was 2 times:
-> at com.example.QLDatVe.services.BookingService.createBooking(BookingService.java:97)
-> at com.example.QLDatVe.services.BookingService.createBooking(BookingService.java:97)


	at com.example.QLDatVe.services.BookingSafetyTest.runConcurrentTest(BookingSafetyTest.java:239)
	at com.example.QLDatVe.services.BookingSafetyTest.testSafe_RaceCondition_MOMO_OneSeat(BookingSafetyTest.java:105)
	at java.base/java.lang.reflect.Method.invoke(Method.java:580)
	at org.mockito.internal.runners.DefaultInternalRunner$1$1.evaluate(DefaultInternalRunner.java:55)
	at org.mockito.internal.runners.DefaultInternalRunner$1.run(DefaultInternalRunner.java:100)
	at org.mockito.internal.runners.DefaultInternalRunner.run(DefaultInternalRunner.java:107)
	at org.mockito.internal.runners.StrictRunner.run(StrictRunner.java:42)
	at org.mockito.junit.MockitoJUnitRunner.run(MockitoJUnitRunner.java:163)

[ERROR] com.example.QLDatVe.services.BookingTestSuite.testSafe_RaceCondition_CASH_OneSeat -- Time elapsed: 0.025 s <<< FAILURE!
org.mockito.exceptions.verification.TooManyActualInvocations: 

bookingRepository.save(
    <any com.example.QLDatVe.entities.Booking>
);
Wanted 1 time:
-> at com.example.QLDatVe.services.BookingSafetyTest.runConcurrentTest(BookingSafetyTest.java:239)
But was 2 times:
-> at com.example.QLDatVe.services.BookingService.createBooking(BookingService.java:97)
-> at com.example.QLDatVe.services.BookingService.createBooking(BookingService.java:97)


	at com.example.QLDatVe.services.BookingSafetyTest.runConcurrentTest(BookingSafetyTest.java:239)
	at com.example.QLDatVe.services.BookingSafetyTest.testSafe_RaceCondition_CASH_OneSeat(BookingSafetyTest.java:91)
	at java.base/java.lang.reflect.Method.invoke(Method.java:580)
	at org.mockito.internal.runners.DefaultInternalRunner$1$1.evaluate(DefaultInternalRunner.java:55)
	at org.mockito.internal.runners.DefaultInternalRunner$1.run(DefaultInternalRunner.java:100)
	at org.mockito.internal.runners.DefaultInternalRunner.run(DefaultInternalRunner.java:107)
	at org.mockito.internal.runners.StrictRunner.run(StrictRunner.java:42)
	at org.mockito.junit.MockitoJUnitRunner.run(MockitoJUnitRunner.java:163)

[INFO] Tests run: 0, Failures: 0, Errors: 0, Skipped: 0, Time elapsed: 3.761 s -- in com.example.QLDatVe.services.BookingTestSuite
[INFO] 
[INFO] Results:
[INFO] 
[ERROR] Failures: 
[ERROR]   BookingTestSuite.testSafe_RaceCondition_CASH_OneSeat 
bookingRepository.save(
    <any com.example.QLDatVe.entities.Booking>
);
Wanted 1 time:
-> at com.example.QLDatVe.services.BookingSafetyTest.runConcurrentTest(BookingSafetyTest.java:239)
But was 2 times:
-> at com.example.QLDatVe.services.BookingService.createBooking(BookingService.java:97)
-> at com.example.QLDatVe.services.BookingService.createBooking(BookingService.java:97)


[ERROR]   BookingTestSuite.testSafe_RaceCondition_MOMO_OneSeat 
bookingRepository.save(
    <any com.example.QLDatVe.entities.Booking>
);
Wanted 1 time:
-> at com.example.QLDatVe.services.BookingSafetyTest.runConcurrentTest(BookingSafetyTest.java:239)
But was 2 times:
-> at com.example.QLDatVe.services.BookingService.createBooking(BookingService.java:97)
-> at com.example.QLDatVe.services.BookingService.createBooking(BookingService.java:97)


[ERROR]   BookingTestSuite.testSafe_RaceCondition_OverlapSeats 
bookingRepository.save(
    <any com.example.QLDatVe.entities.Booking>
);
Wanted 1 time:
-> at com.example.QLDatVe.services.BookingSafetyTest.runCustomRace(BookingSafetyTest.java:251)
But was 2 times:
-> at com.example.QLDatVe.services.BookingService.createBooking(BookingService.java:97)
-> at com.example.QLDatVe.services.BookingService.createBooking(BookingService.java:97)


[INFO] 
[ERROR] Tests run: 15, Failures: 3, Errors: 0, Skipped: 0
[INFO] 
[INFO] ------------------------------------------------------------------------
[INFO] BUILD FAILURE
[INFO] ------------------------------------------------------------------------
[INFO] Total time:  21.077 s
[INFO] Finished at: 2026-03-27T17:04:14+07:00
[INFO] ------------------------------------------------------------------------
[ERROR] Failed to execute goal org.apache.maven.plugins:maven-surefire-plugin:3.5.4:test (default-test) on project QLDatVe: There are test failures.
[ERROR] 
[ERROR] See E:\NguyenQuocKhanh\tester\QLDat_Ve\QLDat_Ve\automation_sandbox_20260327-170346\target\surefire-reports for the individual test results.
[ERROR] See dump files (if any exist) [date].dump, [date]-jvmRun[N].dump and [date].dumpstream.
[ERROR] -> [Help 1]
[ERROR] 
[ERROR] To see the full stack trace of the errors, re-run Maven with the -e switch.
[ERROR] Re-run Maven using the -X switch to enable full debug logging.
[ERROR] 
[ERROR] For more information about the errors and possible solutions, please read the following articles:
[ERROR] [Help 1] http://cwiki.apache.org/confluence/display/MAVEN/MojoFailureException
OpenJDK 64-Bit Server VM warning: Sharing is only supported for boot loader classes because bootstrap classpath has been appended
!!! BUG DETECTED: Overlap Booking Failed - C? 2 ng??i ??u mua ???c gh? trùng nhau !!!
