#
# There is insufficient memory for the Java Runtime Environment to continue.
# Native memory allocation (malloc) failed to allocate 32744 bytes. Error detail: Chunk::new
# Possible reasons:
#   The system is out of physical RAM or swap space
#   This process is running with CompressedOops enabled, and the Java Heap may be blocking the growth of the native heap
# Possible solutions:
#   Reduce memory load on the system
#   Increase physical memory or swap space
#   Check if swap backing store is full
#   Decrease Java heap size (-Xmx/-Xms)
#   Decrease number of Java threads
#   Decrease Java thread stack sizes (-Xss)
#   Set larger code cache with -XX:ReservedCodeCacheSize=
#   JVM is running with Unscaled Compressed Oops mode in which the Java heap is
#     placed in the first 4GB address space. The Java Heap base address is the
#     maximum limit for the native heap growth. Please use -XX:HeapBaseMinAddress
#     to set the Java Heap base and to place the Java Heap above 4GB virtual address.
# This output file may be truncated or incomplete.
#
#  Out of Memory Error (arena.cpp:168), pid=11496, tid=8628
#
# JRE version: OpenJDK Runtime Environment Temurin-21.0.9+10 (21.0.9+10) (build 21.0.9+10-LTS)
# Java VM: OpenJDK 64-Bit Server VM Temurin-21.0.9+10 (21.0.9+10-LTS, mixed mode, sharing, tiered, compressed oops, compressed class ptrs, parallel gc, windows-amd64)
# No core dump will be written. Minidumps are not enabled by default on client versions of Windows
#

---------------  S U M M A R Y ------------

Command Line: --add-modules=ALL-SYSTEM --add-opens=java.base/java.util=ALL-UNNAMED --add-opens=java.base/java.lang=ALL-UNNAMED --add-opens=java.base/sun.nio.fs=ALL-UNNAMED -Declipse.application=org.eclipse.jdt.ls.core.id1 -Dosgi.bundles.defaultStartLevel=4 -Declipse.product=org.eclipse.jdt.ls.core.product -Djava.import.generatesMetadataFilesAtProjectRoot=false -DDetectVMInstallationsJob.disabled=true -Dfile.encoding=utf8 -XX:+UseParallelGC -XX:GCTimeRatio=4 -XX:AdaptiveSizePolicyWeight=90 -Dsun.zip.disableMemoryMapping=true -Xmx2G -Xms100m -Xlog:disable -javaagent:c:\Users\Nguyen Quoc Khanh\.vscode\extensions\redhat.java-1.52.0-win32-x64\lombok\lombok-1.18.39-4050.jar c:\Users\Nguyen Quoc Khanh\.vscode\extensions\redhat.java-1.52.0-win32-x64\server\plugins\org.eclipse.equinox.launcher_1.7.100.v20251111-0406.jar -configuration c:\Users\Nguyen Quoc Khanh\AppData\Roaming\Code\User\globalStorage\redhat.java\1.52.0\config_ss_win -data c:\Users\Nguyen Quoc Khanh\AppData\Roaming\Code\User\workspaceStorage\fad43a9b58140c63f994628c60883078\redhat.java\ss_ws --pipe=\\.\pipe\lsp-61640600079612c898ed1479be1ad2f2-sock

Host: Intel(R) Core(TM) i5-10210U CPU @ 1.60GHz, 8 cores, 11G,  Windows 11 , 64 bit Build 26100 (10.0.26100.7623)
Time: Sat Jan 31 02:09:40 2026 SE Asia Standard Time elapsed time: 0.323371 seconds (0d 0h 0m 0s)

---------------  T H R E A D  ---------------

Current thread (0x00000243b421e990):  JavaThread "C1 CompilerThread0" daemon [_thread_in_vm, id=8628, stack(0x0000008ee0400000,0x0000008ee0500000) (1024K)]

Stack: [0x0000008ee0400000,0x0000008ee0500000]
Native frames: (J=compiled Java code, j=interpreted, Vv=VM code, C=native code)
V  [jvm.dll+0x6d6e29]
V  [jvm.dll+0x8b4b76]
V  [jvm.dll+0x8b712e]
V  [jvm.dll+0x8b7813]
V  [jvm.dll+0x283d86]
V  [jvm.dll+0xc66ed]
V  [jvm.dll+0xc6c31]
V  [jvm.dll+0x1fe15b]
V  [jvm.dll+0x1e9733]
V  [jvm.dll+0x25a3d6]
V  [jvm.dll+0x2596f7]
V  [jvm.dll+0x3f7ea6]
V  [jvm.dll+0x85e9ad]
V  [jvm.dll+0x6d565d]
C  [ucrtbase.dll+0x37b0]
C  [KERNEL32.DLL+0x2e8d7]
C  [ntdll.dll+0x8c53c]


---------------  P R O C E S S  ---------------

Threads class SMR info:
_java_thread_list=0x000002439d844660, length=9, elements={
0x000002439b4ca970, 0x000002439d84e0b0, 0x00000243b4205440, 0x00000243b42093f0,
0x00000243b4209e40, 0x00000243b420c200, 0x00000243b420cd80, 0x00000243b42141d0,
0x00000243b421e990
}

Java Threads: ( => current thread )
  0x000002439b4ca970 JavaThread "main"                              [_thread_in_vm, id=1788, stack(0x0000008edf900000,0x0000008edfa00000) (1024K)]
  0x000002439d84e0b0 JavaThread "Reference Handler"          daemon [_thread_blocked, id=19604, stack(0x0000008edfd00000,0x0000008edfe00000) (1024K)]
  0x00000243b4205440 JavaThread "Finalizer"                  daemon [_thread_blocked, id=9348, stack(0x0000008edfe00000,0x0000008edff00000) (1024K)]
  0x00000243b42093f0 JavaThread "Signal Dispatcher"          daemon [_thread_blocked, id=17592, stack(0x0000008edff00000,0x0000008ee0000000) (1024K)]
  0x00000243b4209e40 JavaThread "Attach Listener"            daemon [_thread_blocked, id=6096, stack(0x0000008ee0000000,0x0000008ee0100000) (1024K)]
  0x00000243b420c200 JavaThread "Service Thread"             daemon [_thread_blocked, id=16360, stack(0x0000008ee0100000,0x0000008ee0200000) (1024K)]
  0x00000243b420cd80 JavaThread "Monitor Deflation Thread"   daemon [_thread_blocked, id=324, stack(0x0000008ee0200000,0x0000008ee0300000) (1024K)]
  0x00000243b42141d0 JavaThread "C2 CompilerThread0"         daemon [_thread_in_vm, id=7236, stack(0x0000008ee0300000,0x0000008ee0400000) (1024K)]
=>0x00000243b421e990 JavaThread "C1 CompilerThread0"         daemon [_thread_in_vm, id=8628, stack(0x0000008ee0400000,0x0000008ee0500000) (1024K)]
Total: 9

Other Threads:
  0x00000243b42031f0 VMThread "VM Thread"                           [id=6120, stack(0x0000008edfc00000,0x0000008edfd00000) (1024K)]
  0x00000243b411ca00 WatcherThread "VM Periodic Task Thread"        [id=3916, stack(0x0000008edfb00000,0x0000008edfc00000) (1024K)]
  0x000002439d7ac670 WorkerThread "GC Thread#0"                     [id=12192, stack(0x0000008edfa00000,0x0000008edfb00000) (1024K)]
Total: 3

Threads with active compile tasks:
Total: 0

VM state: not at safepoint (normal execution)

VM Mutex/Monitor currently owned by a thread:  ([mutex/lock_event])
[0x00007ff80197b4f0] Metaspace_lock - owner thread: 0x000002439b4ca970

Heap address: 0x0000000080000000, size: 2048 MB, Compressed Oops mode: 32-bit

CDS archive(s) mapped at: [0x00000243b5000000-0x00000243b5ba0000-0x00000243b5ba0000), size 12189696, SharedBaseAddress: 0x00000243b5000000, ArchiveRelocationMode: 1.
Compressed class space mapped at: 0x00000243b6000000-0x00000243f6000000, reserved size: 1073741824
Narrow klass base: 0x00000243b5000000, Narrow klass shift: 0, Narrow klass range: 0x100000000

GC Precious Log:
 CardTable entry size: 512
 CPUs: 8 total, 8 available
 Memory: 12119M
 Large Page Support: Disabled
 NUMA Support: Disabled
 Compressed Oops: Enabled (32-bit)
 Alignments: Space 512K, Generation 512K, Heap 2M
 Heap Min Capacity: 100M
 Heap Initial Capacity: 100M
 Heap Max Capacity: 2G
 Pre-touch: Disabled
 Parallel Workers: 8

Heap:
 PSYoungGen      total 29696K, used 2048K [0x00000000d5580000, 0x00000000d7680000, 0x0000000100000000)
  eden space 25600K, 8% used [0x00000000d5580000,0x00000000d5780188,0x00000000d6e80000)
  from space 4096K, 0% used [0x00000000d7280000,0x00000000d7280000,0x00000000d7680000)
  to   space 4096K, 0% used [0x00000000d6e80000,0x00000000d6e80000,0x00000000d7280000)
 ParOldGen       total 68608K, used 0K [0x0000000080000000, 0x0000000084300000, 0x00000000d5580000)
  object space 68608K, 0% used [0x0000000080000000,0x0000000080000000,0x0000000084300000)
 Metaspace       used 136K, committed 320K, reserved 1114112K
  class space    used 5K, committed 128K, reserved 1048576K

Card table byte_map: [0x000002439d130000,0x000002439d540000] _byte_map_base: 0x000002439cd30000

Marking Bits: (ParMarkBitMap*) 0x00007ff801982460
 Begin Bits: [0x00000243afc40000, 0x00000243b1c40000)
 End Bits:   [0x00000243b1c40000, 0x00000243b3c40000)

Polling page: 0x000002439b620000

Metaspace:

Usage:
  Non-class:    131.30 KB used.
      Class:      5.20 KB used.
       Both:    136.51 KB used.

Virtual space:
  Non-class space:       64.00 MB reserved,     192.00 KB ( <1%) committed,  1 nodes.
      Class space:        1.00 GB reserved,     128.00 KB ( <1%) committed,  1 nodes.
             Both:        1.06 GB reserved,     320.00 KB ( <1%) committed. 

Chunk freelists:
   Non-Class:  11.99 MB
       Class:  15.75 MB
        Both:  27.74 MB

MaxMetaspaceSize: unlimited
CompressedClassSpaceSize: 1.00 GB
Initial GC threshold: 21.00 MB
Current GC threshold: 21.00 MB
CDS: on
 - commit_granule_bytes: 65536.
 - commit_granule_words: 8192.
 - virtual_space_node_default_size: 8388608.
 - enlarge_chunks_in_place: 1.
 - use_allocation_guard: 0.


Internal statistics:

num_allocs_failed_limit: 0.
num_arena_births: 8.
num_arena_deaths: 0.
num_vsnodes_births: 2.
num_vsnodes_deaths: 0.
num_space_committed: 5.
num_space_uncommitted: 0.
num_chunks_returned_to_freelist: 0.
num_chunks_taken_from_freelist: 9.
num_chunk_merges: 0.
num_chunk_splits: 6.
num_chunks_enlarged: 3.
num_inconsistent_stats: 0.

CodeHeap 'non-profiled nmethods': size=120000Kb used=23Kb max_used=23Kb free=119976Kb
 bounds [0x00000243a8460000, 0x00000243a86d0000, 0x00000243af990000]
CodeHeap 'profiled nmethods': size=120000Kb used=0Kb max_used=0Kb free=120000Kb
 bounds [0x00000243a0990000, 0x00000243a0c00000, 0x00000243a7ec0000]
CodeHeap 'non-nmethods': size=5760Kb used=511Kb max_used=511Kb free=5248Kb
 bounds [0x00000243a7ec0000, 0x00000243a8130000, 0x00000243a8460000]
CodeCache: size=245760Kb, used=534Kb, max_used=534Kb, free=245224Kb
 total_blobs=332, nmethods=28, adapters=264, full_count=0
Compilation: enabled, stopped_count=0, restarted_count=0

Compilation events (0 events):
No events

GC Heap History (0 events):
No events

Dll operation events (1 events):
Event: 0.017 Loaded shared library c:\Users\Nguyen Quoc Khanh\.vscode\extensions\redhat.java-1.52.0-win32-x64\jre\21.0.9-win32-x86_64\bin\java.dll

Deoptimization events (0 events):
No events

Classes loaded (0 events):
No events

Classes unloaded (0 events):
No events

Classes redefined (0 events):
No events

Internal exceptions (0 events):
No events

ZGC Phase Switch (0 events):
No events

VM Operations (0 events):
No events

Memory protections (0 events):
No events

Nmethod flushes (0 events):
No events

Events (9 events):
Event: 0.175 Thread 0x000002439b4ca970 Thread added: 0x000002439b4ca970
Event: 0.312 Thread 0x000002439b4ca970 Thread added: 0x000002439d84e0b0
Event: 0.312 Thread 0x000002439b4ca970 Thread added: 0x00000243b4205440
Event: 0.315 Thread 0x000002439b4ca970 Thread added: 0x00000243b42093f0
Event: 0.315 Thread 0x000002439b4ca970 Thread added: 0x00000243b4209e40
Event: 0.315 Thread 0x000002439b4ca970 Thread added: 0x00000243b420c200
Event: 0.315 Thread 0x000002439b4ca970 Thread added: 0x00000243b420cd80
Event: 0.315 Thread 0x000002439b4ca970 Thread added: 0x00000243b42141d0
Event: 0.316 Thread 0x000002439b4ca970 Thread added: 0x00000243b421e990


Dynamic libraries:
0x00007ff69fb70000 - 0x00007ff69fb7e000 	c:\Users\Nguyen Quoc Khanh\.vscode\extensions\redhat.java-1.52.0-win32-x64\jre\21.0.9-win32-x86_64\bin\java.exe
0x00007ff885560000 - 0x00007ff8857c7000 	C:\WINDOWS\SYSTEM32\ntdll.dll
0x00007ff883860000 - 0x00007ff883929000 	C:\WINDOWS\System32\KERNEL32.DLL
0x00007ff882820000 - 0x00007ff882c0f000 	C:\WINDOWS\System32\KERNELBASE.dll
0x00007ff882cd0000 - 0x00007ff882e1b000 	C:\WINDOWS\System32\ucrtbase.dll
0x00007ff878160000 - 0x00007ff878178000 	c:\Users\Nguyen Quoc Khanh\.vscode\extensions\redhat.java-1.52.0-win32-x64\jre\21.0.9-win32-x86_64\bin\jli.dll
0x00007ff8848d0000 - 0x00007ff884a95000 	C:\WINDOWS\System32\USER32.dll
0x00007ff875f80000 - 0x00007ff875f9e000 	c:\Users\Nguyen Quoc Khanh\.vscode\extensions\redhat.java-1.52.0-win32-x64\jre\21.0.9-win32-x86_64\bin\VCRUNTIME140.dll
0x00007ff883110000 - 0x00007ff883137000 	C:\WINDOWS\System32\win32u.dll
0x00007ff885180000 - 0x00007ff8851ab000 	C:\WINDOWS\System32\GDI32.dll
0x00007ff869dd0000 - 0x00007ff86a063000 	C:\WINDOWS\WinSxS\amd64_microsoft.windows.common-controls_6595b64144ccf1df_6.0.26100.7309_none_3e05feeae336a044\COMCTL32.dll
0x00007ff884bc0000 - 0x00007ff884c69000 	C:\WINDOWS\System32\msvcrt.dll
0x00007ff883140000 - 0x00007ff88326c000 	C:\WINDOWS\System32\gdi32full.dll
0x00007ff883060000 - 0x00007ff883103000 	C:\WINDOWS\System32\msvcp_win.dll
0x00007ff885270000 - 0x00007ff8852a1000 	C:\WINDOWS\System32\IMM32.DLL
0x00007ff879ea0000 - 0x00007ff879eac000 	c:\Users\Nguyen Quoc Khanh\.vscode\extensions\redhat.java-1.52.0-win32-x64\jre\21.0.9-win32-x86_64\bin\vcruntime140_1.dll
0x00007ff867040000 - 0x00007ff8670cd000 	c:\Users\Nguyen Quoc Khanh\.vscode\extensions\redhat.java-1.52.0-win32-x64\jre\21.0.9-win32-x86_64\bin\msvcp140.dll
0x00007ff800cc0000 - 0x00007ff801a60000 	c:\Users\Nguyen Quoc Khanh\.vscode\extensions\redhat.java-1.52.0-win32-x64\jre\21.0.9-win32-x86_64\bin\server\jvm.dll
0x00007ff8851b0000 - 0x00007ff885264000 	C:\WINDOWS\System32\ADVAPI32.dll
0x00007ff8836b0000 - 0x00007ff883756000 	C:\WINDOWS\System32\sechost.dll
0x00007ff884aa0000 - 0x00007ff884bb8000 	C:\WINDOWS\System32\RPCRT4.dll
0x00007ff8854a0000 - 0x00007ff885514000 	C:\WINDOWS\System32\WS2_32.dll
0x00007ff882530000 - 0x00007ff88258e000 	C:\WINDOWS\SYSTEM32\POWRPROF.dll
0x00007ff86a8e0000 - 0x00007ff86a915000 	C:\WINDOWS\SYSTEM32\WINMM.dll
0x00007ff86b890000 - 0x00007ff86b89b000 	C:\WINDOWS\SYSTEM32\VERSION.dll
0x00007ff882510000 - 0x00007ff882524000 	C:\WINDOWS\SYSTEM32\UMPDC.dll
0x00007ff881420000 - 0x00007ff88143b000 	C:\WINDOWS\SYSTEM32\kernel.appcore.dll
0x00007ff8784d0000 - 0x00007ff8784da000 	c:\Users\Nguyen Quoc Khanh\.vscode\extensions\redhat.java-1.52.0-win32-x64\jre\21.0.9-win32-x86_64\bin\jimage.dll
0x00007ff87cd80000 - 0x00007ff87cfc2000 	C:\WINDOWS\SYSTEM32\DBGHELP.DLL
0x00007ff884df0000 - 0x00007ff885176000 	C:\WINDOWS\System32\combase.dll
0x00007ff8847e0000 - 0x00007ff8848b6000 	C:\WINDOWS\System32\OLEAUT32.dll
0x00007ff8757b0000 - 0x00007ff8757ec000 	C:\WINDOWS\SYSTEM32\dbgcore.DLL
0x00007ff882c20000 - 0x00007ff882cc5000 	C:\WINDOWS\System32\bcryptPrimitives.dll
0x00007ff878430000 - 0x00007ff87843f000 	c:\Users\Nguyen Quoc Khanh\.vscode\extensions\redhat.java-1.52.0-win32-x64\jre\21.0.9-win32-x86_64\bin\instrument.dll
0x00007ff8758a0000 - 0x00007ff8758c0000 	c:\Users\Nguyen Quoc Khanh\.vscode\extensions\redhat.java-1.52.0-win32-x64\jre\21.0.9-win32-x86_64\bin\java.dll
0x00007ff883f00000 - 0x00007ff884653000 	C:\WINDOWS\System32\SHELL32.dll
0x00007ff8826b0000 - 0x00007ff88281a000 	C:\WINDOWS\System32\wintypes.dll
0x00007ff880290000 - 0x00007ff880aee000 	C:\WINDOWS\SYSTEM32\windows.storage.dll
0x00007ff883760000 - 0x00007ff883855000 	C:\WINDOWS\System32\SHCORE.dll
0x00007ff884cf0000 - 0x00007ff884d56000 	C:\WINDOWS\System32\shlwapi.dll
0x00007ff8825a0000 - 0x00007ff8825c9000 	C:\WINDOWS\SYSTEM32\profapi.dll

JVMTI agents:
c:\Users\Nguyen Quoc Khanh\.vscode\extensions\redhat.java-1.52.0-win32-x64\lombok\lombok-1.18.39-4050.jar path:none, loaded, not initialized, instrumentlib options:none

dbghelp: loaded successfully - version: 4.0.5 - missing functions: none
symbol engine: initialized successfully - sym options: 0x614 - pdb path: .;c:\Users\Nguyen Quoc Khanh\.vscode\extensions\redhat.java-1.52.0-win32-x64\jre\21.0.9-win32-x86_64\bin;C:\WINDOWS\SYSTEM32;C:\WINDOWS\WinSxS\amd64_microsoft.windows.common-controls_6595b64144ccf1df_6.0.26100.7309_none_3e05feeae336a044;c:\Users\Nguyen Quoc Khanh\.vscode\extensions\redhat.java-1.52.0-win32-x64\jre\21.0.9-win32-x86_64\bin\server

VM Arguments:
jvm_args: --add-modules=ALL-SYSTEM --add-opens=java.base/java.util=ALL-UNNAMED --add-opens=java.base/java.lang=ALL-UNNAMED --add-opens=java.base/sun.nio.fs=ALL-UNNAMED -Declipse.application=org.eclipse.jdt.ls.core.id1 -Dosgi.bundles.defaultStartLevel=4 -Declipse.product=org.eclipse.jdt.ls.core.product -Djava.import.generatesMetadataFilesAtProjectRoot=false -DDetectVMInstallationsJob.disabled=true -Dfile.encoding=utf8 -XX:+UseParallelGC -XX:GCTimeRatio=4 -XX:AdaptiveSizePolicyWeight=90 -Dsun.zip.disableMemoryMapping=true -Xmx2G -Xms100m -Xlog:disable -javaagent:c:\Users\Nguyen Quoc Khanh\.vscode\extensions\redhat.java-1.52.0-win32-x64\lombok\lombok-1.18.39-4050.jar 
java_command: c:\Users\Nguyen Quoc Khanh\.vscode\extensions\redhat.java-1.52.0-win32-x64\server\plugins\org.eclipse.equinox.launcher_1.7.100.v20251111-0406.jar -configuration c:\Users\Nguyen Quoc Khanh\AppData\Roaming\Code\User\globalStorage\redhat.java\1.52.0\config_ss_win -data c:\Users\Nguyen Quoc Khanh\AppData\Roaming\Code\User\workspaceStorage\fad43a9b58140c63f994628c60883078\redhat.java\ss_ws --pipe=\\.\pipe\lsp-61640600079612c898ed1479be1ad2f2-sock
java_class_path (initial): c:\Users\Nguyen Quoc Khanh\.vscode\extensions\redhat.java-1.52.0-win32-x64\server\plugins\org.eclipse.equinox.launcher_1.7.100.v20251111-0406.jar
Launcher Type: SUN_STANDARD

[Global flags]
    uintx AdaptiveSizePolicyWeight                 = 90                                        {product} {command line}
     intx CICompilerCount                          = 4                                         {product} {ergonomic}
    uintx GCTimeRatio                              = 4                                         {product} {command line}
   size_t InitialHeapSize                          = 104857600                                 {product} {command line}
   size_t MaxHeapSize                              = 2147483648                                {product} {command line}
   size_t MaxNewSize                               = 715653120                                 {product} {ergonomic}
   size_t MinHeapDeltaBytes                        = 524288                                    {product} {ergonomic}
   size_t MinHeapSize                              = 104857600                                 {product} {command line}
   size_t NewSize                                  = 34603008                                  {product} {ergonomic}
    uintx NonNMethodCodeHeapSize                   = 5839372                                {pd product} {ergonomic}
    uintx NonProfiledCodeHeapSize                  = 122909434                              {pd product} {ergonomic}
   size_t OldSize                                  = 70254592                                  {product} {ergonomic}
    uintx ProfiledCodeHeapSize                     = 122909434                              {pd product} {ergonomic}
    uintx ReservedCodeCacheSize                    = 251658240                              {pd product} {ergonomic}
     bool SegmentedCodeCache                       = true                                      {product} {ergonomic}
   size_t SoftMaxHeapSize                          = 2147483648                             {manageable} {ergonomic}
     bool UseCompressedOops                        = true                           {product lp64_product} {ergonomic}
     bool UseLargePagesIndividualAllocation        = false                                  {pd product} {ergonomic}
     bool UseParallelGC                            = true                                      {product} {command line}

Logging:
Log output configuration:
 #0: stdout all=off uptime,level,tags foldmultilines=false
 #1: stderr all=off uptime,level,tags foldmultilines=false

Release file:
<release file has not been read>
Environment Variables:
JAVA_HOME=C:\Program Files\Eclipse Adoptium\jdk-21.0.8.9-hotspot
PATH=C:\Program Files\Eclipse Adoptium\jdk-21.0.8.9-hotspot;E:\Program Files (x86)\bin\;C:\WINDOWS\system32;C:\WINDOWS;C:\WINDOWS\System32\Wbem;C:\WINDOWS\System32\WindowsPowerShell\v1.0\;C:\WINDOWS\System32\OpenSSH\;C:\Program Files\nodejs\;C:\Program Files\MongoDB\Server\8.0\bin;C:\Program Files (x86)\Microsoft SQL Server\160\Tools\Binn\;C:\Program Files\Microsoft SQL Server\160\Tools\Binn\;C:\Program Files\Microsoft SQL Server\Client SDK\ODBC\170\Tools\Binn\;C:\Program Files\Microsoft SQL Server\160\DTS\Binn\;C:\mingw64\mingw64\bin;C:\Program Files (x86)\Microsoft SQL Server\160\DTS\Binn\;C:\Program Files\Git\cmd;E:\NguyenQuocKhanh\LTMobile\flutter\bin;E:\NguyenQuocKhanh\LTMobile\Sdk;C:\Program Files\dotnet\;E:\Anaconda3;E:\Anaconda3\Scripts;E:\Anaconda3\Library\bin;C:\Program Files\Microsoft SQL Server\150\Tools\Binn\;E:\ProgramFiles\PostgreSQL\17\bin;C:\ProgramData\chocolatey\bin;C:\Program Files\Eclipse Adoptium\jdk-21.0.8.9-hotspot\bin;E:\ProgramFiles\jdk25\jdk-25\bin;E:\ProgramFiles\maven\apache-maven-3.9.11\bin;E:\NguyenQuocKhanh\LTMobile\Sdk\platform-tools;C:\Users\Nguyen Quoc Khanh\AppData\Local\Pub\Cache\bin;D:\Downloads\ngrok-v3-stable-windows-amd64;C:\Users\Nguyen Quoc Khanh\AppData\Local\Programs\OSGeo4W\bin;E:\NguyenQuocKhanh\Redis;D:\Downloads\sqlite-tools-win-x64-3510200;;C:\Program Files\Docker\Docker\resources\bin;D:\bin;C:\Program Files\Eclipse Adoptium\jdk-21.0.8.9-hotspot\bin;E:\Program Files (x86)\bin\;C:\WINDOWS\system32;C:\WINDOWS;C:\WINDOWS\System32\Wbem;C:\WINDOWS\System32\WindowsPowerShell\v1.0\;C:\WINDOWS\System32\OpenSSH\;C:\Program Files\nodejs\;C:\Program Files\MongoDB\Server\8.0\bin;C:\Program Files (x86)\Microsoft SQL Server\160\Tools\Binn\;C:\Program Files\Microsoft SQL Server\160\Tools\Binn\;C:\Program Files\Microsoft SQL Server\Client SDK\ODBC\170\Tools\Binn\;C:\Program Files\Microsoft SQL Server\160\DTS\Binn\;C:\mingw64\mingw64\bin;C:\Program Files (x86)\Microsoft SQL Server\160\DTS\Binn\;C:\Program Files\Git\cmd;E:\NguyenQuocKhanh\LTMobile\flutter\bin;E:\NguyenQuocKhanh\LTMobile\Sdk;C:\Program Files\dotnet\;E:\Anaconda3;E:\Anaconda3\Scripts;E:\Anaconda3\Library\bin;C:\Program Files\Microsoft SQL Server\150\Tools\Binn\;E:\ProgramFiles\PostgreSQL\17\bin;C:\ProgramData\chocolatey\bin;C:\Prog;C:\Users\Nguyen Quoc Khanh\AppData\Local\Programs\Microsoft VS Code\bin;C:\Users\Nguyen Quoc Khanh\AppData\Roaming\npm;E:\NguyenQuocKhanh\Redis;C:\Users\Nguyen Quoc Khanh\AppData\Local\Programs\cursor\resources\app\bin;C:\Users\Nguyen Quoc Khanh\go\bin
USERNAME=Nguyen Quoc Khanh
OS=Windows_NT
PROCESSOR_IDENTIFIER=Intel64 Family 6 Model 142 Stepping 12, GenuineIntel
TMP=C:\Users\NGUYEN~1\AppData\Local\Temp
TEMP=C:\Users\NGUYEN~1\AppData\Local\Temp




Periodic native trim disabled

---------------  S Y S T E M  ---------------

OS:
 Windows 11 , 64 bit Build 26100 (10.0.26100.7623)
OS uptime: 1 days 5:48 hours
Hyper-V role detected

CPU: total 8 (initial active 8) (4 cores per cpu, 2 threads per core) family 6 model 142 stepping 12 microcode 0xde, cx8, cmov, fxsr, ht, mmx, 3dnowpref, sse, sse2, sse3, ssse3, sse4.1, sse4.2, popcnt, lzcnt, tsc, tscinvbit, avx, avx2, aes, erms, clmul, bmi1, bmi2, adx, fma, vzeroupper, clflush, clflushopt, hv, rdtscp, f16c
Processor Information for the first 8 processors :
  Max Mhz: 2112, Current Mhz: 1609, Mhz Limit: 1605

Memory: 4k page, system-wide physical 12119M (1224M free)
TotalPageFile size 16140M (AvailPageFile size 1M)
current process WorkingSet (physical memory assigned to process): 31M, peak: 31M
current process commit charge ("private bytes"): 220M, peak: 220M

vm_info: OpenJDK 64-Bit Server VM (21.0.9+10-LTS) for windows-amd64 JRE (21.0.9+10-LTS), built on 2025-10-21T00:00:00Z by "admin" with unknown MS VC++:1942

END.
