[INFO] Scanning for projects...
[WARNING] 
[WARNING] Some problems were encountered while building the effective model for com.example:QLDatVe:jar:0.0.1-SNAPSHOT
[WARNING] 'dependencies.dependency.(groupId:artifactId:type:classifier)' must be unique: org.springframework.boot:spring-boot-starter-test:jar -> duplicate declaration of version (?) @ line 86, column 21
[WARNING] 
[WARNING] It is highly recommended to fix these problems because they threaten the stability of your build.
[WARNING] 
[WARNING] For this reason, future Maven versions might no longer support building such malformed projects.
[WARNING] 
[INFO] 
[INFO] ------------------------< com.example:QLDatVe >-------------------------
[INFO] Building QLDatVe 0.0.1-SNAPSHOT
[INFO]   from pom.xml
[INFO] --------------------------------[ jar ]---------------------------------
[INFO] 
[INFO] --- resources:3.3.1:resources (default-resources) @ QLDatVe ---
[INFO] Copying 1 resource from src\main\resources to target\classes
[INFO] Copying 0 resource from src\main\resources to target\classes
[INFO] 
[INFO] --- compiler:3.14.0:compile (default-compile) @ QLDatVe ---
[INFO] Recompiling the module because of changed source code.
[INFO] Compiling 58 source files with javac [debug parameters release 21] to target\classes
[INFO] /E:/NguyenQuocKhanh/tester/QLDat_Ve/QLDat_Ve/automation_sandbox_20260331-025758/src/main/java/com/example/QLDatVe/config/ApplicationConfig.java: E:\NguyenQuocKhanh\tester\QLDat_Ve\QLDat_Ve\automation_sandbox_20260331-025758\src\main\java\com\example\QLDatVe\config\ApplicationConfig.java uses or overrides a deprecated API.
[INFO] /E:/NguyenQuocKhanh/tester/QLDat_Ve/QLDat_Ve/automation_sandbox_20260331-025758/src/main/java/com/example/QLDatVe/config/ApplicationConfig.java: Recompile with -Xlint:deprecation for details.
[INFO] /E:/NguyenQuocKhanh/tester/QLDat_Ve/QLDat_Ve/automation_sandbox_20260331-025758/src/main/java/com/example/QLDatVe/services/PaymentService.java: E:\NguyenQuocKhanh\tester\QLDat_Ve\QLDat_Ve\automation_sandbox_20260331-025758\src\main\java\com\example\QLDatVe\services\PaymentService.java uses unchecked or unsafe operations.
[INFO] /E:/NguyenQuocKhanh/tester/QLDat_Ve/QLDat_Ve/automation_sandbox_20260331-025758/src/main/java/com/example/QLDatVe/services/PaymentService.java: Recompile with -Xlint:unchecked for details.
[INFO] 
[INFO] --- resources:3.3.1:testResources (default-testResources) @ QLDatVe ---
[INFO] skip non existing resourceDirectory E:\NguyenQuocKhanh\tester\QLDat_Ve\QLDat_Ve\automation_sandbox_20260331-025758\src\test\resources
[INFO] 
[INFO] --- compiler:3.14.0:testCompile (default-testCompile) @ QLDatVe ---
[INFO] Recompiling the module because of changed dependency.
[INFO] Compiling 7 source files with javac [debug parameters release 21] to target\test-classes
[INFO] 
[INFO] --- surefire:3.5.4:test (default-test) @ QLDatVe ---
[INFO] Using auto detected provider org.apache.maven.surefire.junitplatform.JUnitPlatformProvider
[INFO] 
[INFO] -------------------------------------------------------
[INFO]  T E S T S
[INFO] -------------------------------------------------------
[INFO] Running com.example.QLDatVe.services.BookingTestSuite
[INFO] Running com.example.QLDatVe.services.BookingValidationTest
[INFO] Tests run: 7, Failures: 0, Errors: 0, Skipped: 0, Time elapsed: 1.295 s -- in com.example.QLDatVe.services.BookingValidationTest
[INFO] Running com.example.QLDatVe.services.BookingSafetyTest
--- Testing: Overlap Booking ([D01, D02] vs [D02, D03]) ---
02:58:30.001 [pool-2-thread-1] INFO com.example.QLDatVe.services.BookingService -- Booking ID null ?ã ???c t?o v?i tr?ng thái CONFIRMED.
02:58:30.005 [pool-2-thread-2] INFO com.example.QLDatVe.services.BookingService -- Booking ID null ?ã ???c t?o v?i tr?ng thái CONFIRMED.
02:58:30.032 [pool-2-thread-2] INFO com.example.QLDatVe.services.BookingService -- ? Email xác nh?n ?ã g?i thành công cho ID: null
02:58:30.032 [pool-2-thread-1] INFO com.example.QLDatVe.services.BookingService -- ? Email xác nh?n ?ã g?i thành công cho ID: null
--- Testing: 2 Users book same seat (MOMO) ---
02:58:30.147 [pool-3-thread-2] INFO com.example.QLDatVe.services.BookingService -- Booking ID null ?ã ???c t?o v?i tr?ng thái PENDING.
02:58:30.147 [pool-3-thread-1] INFO com.example.QLDatVe.services.BookingService -- Booking ID null ?ã ???c t?o v?i tr?ng thái PENDING.
02:58:30.165 [main] INFO com.example.QLDatVe.services.BookingService -- Booking ID null ?ã ???c t?o v?i tr?ng thái CONFIRMED.
02:58:30.167 [main] INFO com.example.QLDatVe.services.BookingService -- ? Email xác nh?n ?ã g?i thành công cho ID: null
02:58:30.182 [main] INFO com.example.QLDatVe.services.BookingService -- Booking ID null ?ã ???c t?o v?i tr?ng thái PENDING.
--- Testing: 2 Users book same seat (CASH) ---
02:58:30.198 [pool-4-thread-2] INFO com.example.QLDatVe.services.BookingService -- Booking ID null ?ã ???c t?o v?i tr?ng thái CONFIRMED.
02:58:30.198 [pool-4-thread-1] INFO com.example.QLDatVe.services.BookingService -- Booking ID null ?ã ???c t?o v?i tr?ng thái CONFIRMED.
02:58:30.198 [pool-4-thread-2] INFO com.example.QLDatVe.services.BookingService -- ? Email xác nh?n ?ã g?i thành công cho ID: null
02:58:30.198 [pool-4-thread-1] INFO com.example.QLDatVe.services.BookingService -- ? Email xác nh?n ?ã g?i thành công cho ID: null
02:58:30.239 [main] INFO com.example.QLDatVe.services.BookingService -- Booking ID null ?ã ???c t?o v?i tr?ng thái CONFIRMED.
02:58:30.241 [main] INFO com.example.QLDatVe.services.BookingService -- ? Email xác nh?n ?ã g?i thành công cho ID: null
[ERROR] Tests run: 8, Failures: 3, Errors: 0, Skipped: 0, Time elapsed: 0.630 s <<< FAILURE! -- in com.example.QLDatVe.services.BookingSafetyTest
[ERROR] com.example.QLDatVe.services.BookingTestSuite.testSafe_RaceCondition_OverlapSeats -- Time elapsed: 0.494 s <<< FAILURE!
org.mockito.exceptions.verification.TooManyActualInvocations: 

bookingRepository.save(
    <any com.example.QLDatVe.entities.Booking>
);
Wanted 1 time:
-> at com.example.QLDatVe.services.BookingSafetyTest.runCustomRace(BookingSafetyTest.java:251)
But was 2 times:
-> at com.example.QLDatVe.services.BookingService.createBooking(BookingService.java:97)
-> at com.example.QLDatVe.services.BookingService.createBooking(BookingService.java:97)


	at com.example.QLDatVe.services.BookingSafetyTest.runCustomRace(BookingSafetyTest.java:251)
	at com.example.QLDatVe.services.BookingSafetyTest.testSafe_RaceCondition_OverlapSeats(BookingSafetyTest.java:153)
	at java.base/java.lang.reflect.Method.invoke(Method.java:580)
	at org.mockito.internal.runners.DefaultInternalRunner$1$1.evaluate(DefaultInternalRunner.java:55)
	at org.mockito.internal.runners.DefaultInternalRunner$1.run(DefaultInternalRunner.java:100)
	at org.mockito.internal.runners.DefaultInternalRunner.run(DefaultInternalRunner.java:107)
	at org.mockito.internal.runners.StrictRunner.run(StrictRunner.java:42)
	at org.mockito.junit.MockitoJUnitRunner.run(MockitoJUnitRunner.java:163)

[ERROR] com.example.QLDatVe.services.BookingTestSuite.testSafe_RaceCondition_MOMO_OneSeat -- Time elapsed: 0.020 s <<< FAILURE!
org.mockito.exceptions.verification.TooManyActualInvocations: 

bookingRepository.save(
    <any com.example.QLDatVe.entities.Booking>
);
Wanted 1 time:
-> at com.example.QLDatVe.services.BookingSafetyTest.runConcurrentTest(BookingSafetyTest.java:239)
But was 2 times:
-> at com.example.QLDatVe.services.BookingService.createBooking(BookingService.java:97)
-> at com.example.QLDatVe.services.BookingService.createBooking(BookingService.java:97)


	at com.example.QLDatVe.services.BookingSafetyTest.runConcurrentTest(BookingSafetyTest.java:239)
	at com.example.QLDatVe.services.BookingSafetyTest.testSafe_RaceCondition_MOMO_OneSeat(BookingSafetyTest.java:105)
	at java.base/java.lang.reflect.Method.invoke(Method.java:580)
	at org.mockito.internal.runners.DefaultInternalRunner$1$1.evaluate(DefaultInternalRunner.java:55)
	at org.mockito.internal.runners.DefaultInternalRunner$1.run(DefaultInternalRunner.java:100)
	at org.mockito.internal.runners.DefaultInternalRunner.run(DefaultInternalRunner.java:107)
	at org.mockito.internal.runners.StrictRunner.run(StrictRunner.java:42)
	at org.mockito.junit.MockitoJUnitRunner.run(MockitoJUnitRunner.java:163)

[ERROR] com.example.QLDatVe.services.BookingTestSuite.testSafe_RaceCondition_CASH_OneSeat -- Time elapsed: 0.017 s <<< FAILURE!
org.mockito.exceptions.verification.TooManyActualInvocations: 

bookingRepository.save(
    <any com.example.QLDatVe.entities.Booking>
);
Wanted 1 time:
-> at com.example.QLDatVe.services.BookingSafetyTest.runConcurrentTest(BookingSafetyTest.java:239)
But was 2 times:
-> at com.example.QLDatVe.services.BookingService.createBooking(BookingService.java:97)
-> at com.example.QLDatVe.services.BookingService.createBooking(BookingService.java:97)


	at com.example.QLDatVe.services.BookingSafetyTest.runConcurrentTest(BookingSafetyTest.java:239)
	at com.example.QLDatVe.services.BookingSafetyTest.testSafe_RaceCondition_CASH_OneSeat(BookingSafetyTest.java:91)
	at java.base/java.lang.reflect.Method.invoke(Method.java:580)
	at org.mockito.internal.runners.DefaultInternalRunner$1$1.evaluate(DefaultInternalRunner.java:55)
	at org.mockito.internal.runners.DefaultInternalRunner$1.run(DefaultInternalRunner.java:100)
	at org.mockito.internal.runners.DefaultInternalRunner.run(DefaultInternalRunner.java:107)
	at org.mockito.internal.runners.StrictRunner.run(StrictRunner.java:42)
	at org.mockito.junit.MockitoJUnitRunner.run(MockitoJUnitRunner.java:163)

[INFO] Running com.example.QLDatVe.services.BookingLifecycleTest
02:58:30.451 [main] ERROR com.example.QLDatVe.services.BookingService -- ? Error during scheduled task 'checkAndCancelExpiredBookings': Database error
java.lang.RuntimeException: Database error
	at com.example.QLDatVe.services.BookingService.checkAndCancelExpiredBookings(BookingService.java:312)
	at com.example.QLDatVe.services.BookingLifecycleTest.testLife_CronJob_RepositoryException_IsHandled(BookingLifecycleTest.java:101)
	at java.base/jdk.internal.reflect.DirectMethodHandleAccessor.invoke(DirectMethodHandleAccessor.java:103)
	at java.base/java.lang.reflect.Method.invoke(Method.java:580)
	at org.junit.runners.model.FrameworkMethod$1.runReflectiveCall(FrameworkMethod.java:59)
	at org.junit.internal.runners.model.ReflectiveCallable.run(ReflectiveCallable.java:12)
	at org.junit.runners.model.FrameworkMethod.invokeExplosively(FrameworkMethod.java:56)
	at org.junit.internal.runners.statements.InvokeMethod.evaluate(InvokeMethod.java:17)
	at org.junit.internal.runners.statements.RunBefores.evaluate(RunBefores.java:26)
	at org.mockito.internal.runners.DefaultInternalRunner$1$1.evaluate(DefaultInternalRunner.java:55)
	at org.junit.runners.ParentRunner$3.evaluate(ParentRunner.java:306)
	at org.junit.runners.BlockJUnit4ClassRunner$1.evaluate(BlockJUnit4ClassRunner.java:100)
	at org.junit.runners.ParentRunner.runLeaf(ParentRunner.java:366)
	at org.junit.runners.BlockJUnit4ClassRunner.runChild(BlockJUnit4ClassRunner.java:103)
	at org.junit.runners.BlockJUnit4ClassRunner.runChild(BlockJUnit4ClassRunner.java:63)
	at org.junit.runners.ParentRunner$4.run(ParentRunner.java:331)
	at org.junit.runners.ParentRunner$1.schedule(ParentRunner.java:79)
	at org.junit.runners.ParentRunner.runChildren(ParentRunner.java:329)
	at org.junit.runners.ParentRunner.access$100(ParentRunner.java:66)
	at org.junit.runners.ParentRunner$2.evaluate(ParentRunner.java:293)
	at org.junit.runners.ParentRunner$3.evaluate(ParentRunner.java:306)
	at org.junit.runners.ParentRunner.run(ParentRunner.java:413)
	at org.mockito.internal.runners.DefaultInternalRunner$1.run(DefaultInternalRunner.java:100)
	at org.mockito.internal.runners.DefaultInternalRunner.run(DefaultInternalRunner.java:107)
	at org.mockito.internal.runners.StrictRunner.run(StrictRunner.java:42)
	at org.mockito.junit.MockitoJUnitRunner.run(MockitoJUnitRunner.java:163)
	at org.junit.runners.Suite.runChild(Suite.java:128)
	at org.junit.runners.Suite.runChild(Suite.java:27)
	at org.junit.runners.ParentRunner$4.run(ParentRunner.java:331)
	at org.junit.runners.ParentRunner$1.schedule(ParentRunner.java:79)
	at org.junit.runners.ParentRunner.runChildren(ParentRunner.java:329)
	at org.junit.runners.ParentRunner.access$100(ParentRunner.java:66)
	at org.junit.runners.ParentRunner$2.evaluate(ParentRunner.java:293)
	at org.junit.runners.ParentRunner$3.evaluate(ParentRunner.java:306)
	at org.junit.runners.ParentRunner.run(ParentRunner.java:413)
	at org.junit.runner.JUnitCore.run(JUnitCore.java:137)
	at org.junit.runner.JUnitCore.run(JUnitCore.java:115)
	at org.junit.vintage.engine.execution.RunnerExecutor.execute(RunnerExecutor.java:42)
	at org.junit.vintage.engine.execution.VintageExecutor.executeClassesAndMethodsSequentially(VintageExecutor.java:93)
	at org.junit.vintage.engine.execution.VintageExecutor.executeAllChildren(VintageExecutor.java:73)
	at org.junit.vintage.engine.VintageTestEngine.execute(VintageTestEngine.java:70)
	at org.junit.platform.launcher.core.EngineExecutionOrchestrator.execute(EngineExecutionOrchestrator.java:201)
	at org.junit.platform.launcher.core.EngineExecutionOrchestrator.execute(EngineExecutionOrchestrator.java:170)
	at org.junit.platform.launcher.core.EngineExecutionOrchestrator.execute(EngineExecutionOrchestrator.java:94)
	at org.junit.platform.launcher.core.EngineExecutionOrchestrator.lambda$execute$0(EngineExecutionOrchestrator.java:59)
	at org.junit.platform.launcher.core.EngineExecutionOrchestrator.withInterceptedStreams(EngineExecutionOrchestrator.java:142)
	at org.junit.platform.launcher.core.EngineExecutionOrchestrator.execute(EngineExecutionOrchestrator.java:58)
	at org.junit.platform.launcher.core.DefaultLauncher.execute(DefaultLauncher.java:103)
	at org.junit.platform.launcher.core.DefaultLauncher.execute(DefaultLauncher.java:85)
	at org.junit.platform.launcher.core.DelegatingLauncher.execute(DelegatingLauncher.java:47)
	at org.junit.platform.launcher.core.InterceptingLauncher.lambda$execute$1(InterceptingLauncher.java:39)
	at org.junit.platform.launcher.core.ClasspathAlignmentCheckingLauncherInterceptor.intercept(ClasspathAlignmentCheckingLauncherInterceptor.java:25)
	at org.junit.platform.launcher.core.InterceptingLauncher.execute(InterceptingLauncher.java:38)
	at org.junit.platform.launcher.core.DelegatingLauncher.execute(DelegatingLauncher.java:47)
	at org.apache.maven.surefire.junitplatform.LauncherAdapter.executeWithoutCancellationToken(LauncherAdapter.java:60)
	at org.apache.maven.surefire.junitplatform.LauncherAdapter.execute(LauncherAdapter.java:52)
	at org.apache.maven.surefire.junitplatform.JUnitPlatformProvider.execute(JUnitPlatformProvider.java:203)
	at org.apache.maven.surefire.junitplatform.JUnitPlatformProvider.invokeAllTests(JUnitPlatformProvider.java:168)
	at org.apache.maven.surefire.junitplatform.JUnitPlatformProvider.invoke(JUnitPlatformProvider.java:136)
	at org.apache.maven.surefire.booter.ForkedBooter.runSuitesInProcess(ForkedBooter.java:385)
	at org.apache.maven.surefire.booter.ForkedBooter.execute(ForkedBooter.java:162)
	at org.apache.maven.surefire.booter.ForkedBooter.run(ForkedBooter.java:507)
	at org.apache.maven.surefire.booter.ForkedBooter.main(ForkedBooter.java:495)
02:58:30.482 [main] INFO com.example.QLDatVe.services.BookingService -- ? Booking ID 105 confirmed after MoMo payment (OrderID: ORD-01)
02:58:30.482 [main] INFO com.example.QLDatVe.services.BookingService -- ? Email xác nh?n ?ã g?i thành công cho ID: 105
02:58:30.496 [main] INFO com.example.QLDatVe.services.BookingService -- ? User user1@example.com cancelled booking #101
02:58:30.509 [main] ERROR com.example.QLDatVe.services.BookingService -- ? Could not find booking with MoMo OrderID: ORD-404 and RequestID: REQ-404
02:58:30.522 [main] INFO com.example.QLDatVe.services.BookingService -- ? Admin cancelled booking #104
02:58:30.542 [pool-5-thread-1] INFO com.example.QLDatVe.services.BookingService -- Booking ID 999 ?ã ???c t?o v?i tr?ng thái CONFIRMED.
02:58:30.542 [pool-5-thread-2] INFO com.example.QLDatVe.services.BookingService -- Booking ID 999 ?ã ???c t?o v?i tr?ng thái CONFIRMED.
02:58:30.542 [pool-5-thread-1] INFO com.example.QLDatVe.services.BookingService -- ? Email xác nh?n ?ã g?i thành công cho ID: 999
02:58:30.542 [pool-5-thread-2] INFO com.example.QLDatVe.services.BookingService -- ? Email xác nh?n ?ã g?i thành công cho ID: 999
02:58:30.556 [main] INFO com.example.QLDatVe.services.BookingService -- Booking ID 999 ?ã ???c t?o v?i tr?ng thái CONFIRMED.
02:58:30.559 [main] ERROR com.example.QLDatVe.services.BookingService -- L?i khi g?i email xác nh?n (Ti?n m?t) cho Booking ID 999: SMTP unavailable
[INFO] Tests run: 10, Failures: 0, Errors: 0, Skipped: 0, Time elapsed: 0.312 s -- in com.example.QLDatVe.services.BookingLifecycleTest
[INFO] Running com.example.QLDatVe.services.BookingValidationGapsTest
02:58:30.587 [main] INFO com.example.QLDatVe.services.BookingService -- Booking ID null ?ã ???c t?o v?i tr?ng thái PENDING.
02:58:30.605 [main] INFO com.example.QLDatVe.services.BookingService -- Booking ID null ?ã ???c t?o v?i tr?ng thái PENDING.
02:58:30.626 [main] INFO com.example.QLDatVe.services.BookingService -- Booking ID null ?ã ???c t?o v?i tr?ng thái CONFIRMED.
02:58:30.628 [main] INFO com.example.QLDatVe.services.BookingService -- ? Email xác nh?n ?ã g?i thành công cho ID: null
02:58:30.649 [main] INFO com.example.QLDatVe.services.BookingService -- Booking ID null ?ã ???c t?o v?i tr?ng thái CONFIRMED.
02:58:30.651 [main] INFO com.example.QLDatVe.services.BookingService -- ? Email xác nh?n ?ã g?i thành công cho ID: null
02:58:30.665 [main] INFO com.example.QLDatVe.services.BookingService -- Booking ID null ?ã ???c t?o v?i tr?ng thái CONFIRMED.
02:58:30.666 [main] INFO com.example.QLDatVe.services.BookingService -- ? Email xác nh?n ?ã g?i thành công cho ID: null
[ERROR] Tests run: 5, Failures: 5, Errors: 0, Skipped: 0, Time elapsed: 0.100 s <<< FAILURE! -- in com.example.QLDatVe.services.BookingValidationGapsTest
[ERROR] com.example.QLDatVe.services.BookingTestSuite.testValGap_PaymentMethodNull_ShouldReject -- Time elapsed: 0.026 s <<< FAILURE!
java.lang.AssertionError: Expected the request to be rejected, but booking was still created.
	at org.junit.Assert.fail(Assert.java:89)
	at com.example.QLDatVe.services.BookingValidationGapsTest.assertShouldReject(BookingValidationGapsTest.java:107)
	at com.example.QLDatVe.services.BookingValidationGapsTest.testValGap_PaymentMethodNull_ShouldReject(BookingValidationGapsTest.java:73)
	at java.base/java.lang.reflect.Method.invoke(Method.java:580)
	at org.mockito.internal.runners.DefaultInternalRunner$1$1.evaluate(DefaultInternalRunner.java:55)
	at org.mockito.internal.runners.DefaultInternalRunner$1.run(DefaultInternalRunner.java:100)
	at org.mockito.internal.runners.DefaultInternalRunner.run(DefaultInternalRunner.java:107)
	at org.mockito.internal.runners.StrictRunner.run(StrictRunner.java:42)
	at org.mockito.junit.MockitoJUnitRunner.run(MockitoJUnitRunner.java:163)

[ERROR] com.example.QLDatVe.services.BookingTestSuite.testValGap_PaymentMethodUnsupported_ShouldReject -- Time elapsed: 0.015 s <<< FAILURE!
java.lang.AssertionError: Expected the request to be rejected, but booking was still created.
	at org.junit.Assert.fail(Assert.java:89)
	at com.example.QLDatVe.services.BookingValidationGapsTest.assertShouldReject(BookingValidationGapsTest.java:107)
	at com.example.QLDatVe.services.BookingValidationGapsTest.testValGap_PaymentMethodUnsupported_ShouldReject(BookingValidationGapsTest.java:78)
	at java.base/java.lang.reflect.Method.invoke(Method.java:580)
	at org.mockito.internal.runners.DefaultInternalRunner$1$1.evaluate(DefaultInternalRunner.java:55)
	at org.mockito.internal.runners.DefaultInternalRunner$1.run(DefaultInternalRunner.java:100)
	at org.mockito.internal.runners.DefaultInternalRunner.run(DefaultInternalRunner.java:107)
	at org.mockito.internal.runners.StrictRunner.run(StrictRunner.java:42)
	at org.mockito.junit.MockitoJUnitRunner.run(MockitoJUnitRunner.java:163)

[ERROR] com.example.QLDatVe.services.BookingTestSuite.testValGap_SeatContainsNull_ShouldReject -- Time elapsed: 0.014 s <<< FAILURE!
java.lang.AssertionError: Expected the request to be rejected, but booking was still created.
	at org.junit.Assert.fail(Assert.java:89)
	at com.example.QLDatVe.services.BookingValidationGapsTest.assertShouldReject(BookingValidationGapsTest.java:107)
	at com.example.QLDatVe.services.BookingValidationGapsTest.testValGap_SeatContainsNull_ShouldReject(BookingValidationGapsTest.java:83)
	at java.base/java.lang.reflect.Method.invoke(Method.java:580)
	at org.mockito.internal.runners.DefaultInternalRunner$1$1.evaluate(DefaultInternalRunner.java:55)
	at org.mockito.internal.runners.DefaultInternalRunner$1.run(DefaultInternalRunner.java:100)
	at org.mockito.internal.runners.DefaultInternalRunner.run(DefaultInternalRunner.java:107)
	at org.mockito.internal.runners.StrictRunner.run(StrictRunner.java:42)
	at org.mockito.junit.MockitoJUnitRunner.run(MockitoJUnitRunner.java:163)

[ERROR] com.example.QLDatVe.services.BookingTestSuite.testValGap_SeatContainsValidAndBlank_ShouldReject -- Time elapsed: 0.022 s <<< FAILURE!
java.lang.AssertionError: Expected the request to be rejected, but booking was still created.
	at org.junit.Assert.fail(Assert.java:89)
	at com.example.QLDatVe.services.BookingValidationGapsTest.assertShouldReject(BookingValidationGapsTest.java:107)
	at com.example.QLDatVe.services.BookingValidationGapsTest.testValGap_SeatContainsValidAndBlank_ShouldReject(BookingValidationGapsTest.java:93)
	at java.base/java.lang.reflect.Method.invoke(Method.java:580)
	at org.mockito.internal.runners.DefaultInternalRunner$1$1.evaluate(DefaultInternalRunner.java:55)
	at org.mockito.internal.runners.DefaultInternalRunner$1.run(DefaultInternalRunner.java:100)
	at org.mockito.internal.runners.DefaultInternalRunner.run(DefaultInternalRunner.java:107)
	at org.mockito.internal.runners.StrictRunner.run(StrictRunner.java:42)
	at org.mockito.junit.MockitoJUnitRunner.run(MockitoJUnitRunner.java:163)

[ERROR] com.example.QLDatVe.services.BookingTestSuite.testValGap_SeatContainsBlank_ShouldReject -- Time elapsed: 0.009 s <<< FAILURE!
java.lang.AssertionError: Expected the request to be rejected, but booking was still created.
	at org.junit.Assert.fail(Assert.java:89)
	at com.example.QLDatVe.services.BookingValidationGapsTest.assertShouldReject(BookingValidationGapsTest.java:107)
	at com.example.QLDatVe.services.BookingValidationGapsTest.testValGap_SeatContainsBlank_ShouldReject(BookingValidationGapsTest.java:88)
	at java.base/java.lang.reflect.Method.invoke(Method.java:580)
	at org.mockito.internal.runners.DefaultInternalRunner$1$1.evaluate(DefaultInternalRunner.java:55)
	at org.mockito.internal.runners.DefaultInternalRunner$1.run(DefaultInternalRunner.java:100)
	at org.mockito.internal.runners.DefaultInternalRunner.run(DefaultInternalRunner.java:107)
	at org.mockito.internal.runners.StrictRunner.run(StrictRunner.java:42)
	at org.mockito.junit.MockitoJUnitRunner.run(MockitoJUnitRunner.java:163)

[INFO] Tests run: 0, Failures: 0, Errors: 0, Skipped: 0, Time elapsed: 3.930 s -- in com.example.QLDatVe.services.BookingTestSuite
[INFO] 
[INFO] Results:
[INFO] 
[ERROR] Failures: 
[ERROR]   BookingTestSuite.testSafe_RaceCondition_CASH_OneSeat 
bookingRepository.save(
    <any com.example.QLDatVe.entities.Booking>
);
Wanted 1 time:
-> at com.example.QLDatVe.services.BookingSafetyTest.runConcurrentTest(BookingSafetyTest.java:239)
But was 2 times:
-> at com.example.QLDatVe.services.BookingService.createBooking(BookingService.java:97)
-> at com.example.QLDatVe.services.BookingService.createBooking(BookingService.java:97)


[ERROR]   BookingTestSuite.testSafe_RaceCondition_MOMO_OneSeat 
bookingRepository.save(
    <any com.example.QLDatVe.entities.Booking>
);
Wanted 1 time:
-> at com.example.QLDatVe.services.BookingSafetyTest.runConcurrentTest(BookingSafetyTest.java:239)
But was 2 times:
-> at com.example.QLDatVe.services.BookingService.createBooking(BookingService.java:97)
-> at com.example.QLDatVe.services.BookingService.createBooking(BookingService.java:97)


[ERROR]   BookingTestSuite.testSafe_RaceCondition_OverlapSeats 
bookingRepository.save(
    <any com.example.QLDatVe.entities.Booking>
);
Wanted 1 time:
-> at com.example.QLDatVe.services.BookingSafetyTest.runCustomRace(BookingSafetyTest.java:251)
But was 2 times:
-> at com.example.QLDatVe.services.BookingService.createBooking(BookingService.java:97)
-> at com.example.QLDatVe.services.BookingService.createBooking(BookingService.java:97)


[ERROR]   BookingTestSuite.testValGap_PaymentMethodNull_ShouldReject Expected the request to be rejected, but booking was still created.
[ERROR]   BookingTestSuite.testValGap_PaymentMethodUnsupported_ShouldReject Expected the request to be rejected, but booking was still created.
[ERROR]   BookingTestSuite.testValGap_SeatContainsBlank_ShouldReject Expected the request to be rejected, but booking was still created.
[ERROR]   BookingTestSuite.testValGap_SeatContainsNull_ShouldReject Expected the request to be rejected, but booking was still created.
[ERROR]   BookingTestSuite.testValGap_SeatContainsValidAndBlank_ShouldReject Expected the request to be rejected, but booking was still created.
[INFO] 
[ERROR] Tests run: 30, Failures: 8, Errors: 0, Skipped: 0
[INFO] 
[INFO] ------------------------------------------------------------------------
[INFO] BUILD FAILURE
[INFO] ------------------------------------------------------------------------
[INFO] Total time:  25.128 s
[INFO] Finished at: 2026-03-31T02:58:30+07:00
[INFO] ------------------------------------------------------------------------
[ERROR] Failed to execute goal org.apache.maven.plugins:maven-surefire-plugin:3.5.4:test (default-test) on project QLDatVe: There are test failures.
[ERROR] 
[ERROR] See E:\NguyenQuocKhanh\tester\QLDat_Ve\QLDat_Ve\automation_sandbox_20260331-025758\target\surefire-reports for the individual test results.
[ERROR] See dump files (if any exist) [date].dump, [date]-jvmRun[N].dump and [date].dumpstream.
[ERROR] -> [Help 1]
[ERROR] 
[ERROR] To see the full stack trace of the errors, re-run Maven with the -e switch.
[ERROR] Re-run Maven using the -X switch to enable full debug logging.
[ERROR] 
[ERROR] For more information about the errors and possible solutions, please read the following articles:
[ERROR] [Help 1] http://cwiki.apache.org/confluence/display/MAVEN/MojoFailureException
OpenJDK 64-Bit Server VM warning: Sharing is only supported for boot loader classes because bootstrap classpath has been appended
!!! BUG DETECTED: Overlap Booking Failed - C? 2 ng??i ??u mua ???c gh? trùng nhau !!!
