[INFO] Scanning for projects...
[WARNING] 
[WARNING] Some problems were encountered while building the effective model for com.example:QLDatVe:jar:0.0.1-SNAPSHOT
[WARNING] 'dependencies.dependency.(groupId:artifactId:type:classifier)' must be unique: org.springframework.boot:spring-boot-starter-test:jar -> duplicate declaration of version (?) @ line 86, column 21
[WARNING] 
[WARNING] It is highly recommended to fix these problems because they threaten the stability of your build.
[WARNING] 
[WARNING] For this reason, future Maven versions might no longer support building such malformed projects.
[WARNING] 
[INFO] 
[INFO] ------------------------< com.example:QLDatVe >-------------------------
[INFO] Building QLDatVe 0.0.1-SNAPSHOT
[INFO]   from pom.xml
[INFO] --------------------------------[ jar ]---------------------------------
[INFO] 
[INFO] --- resources:3.3.1:resources (default-resources) @ QLDatVe ---
[INFO] Copying 1 resource from src\main\resources to target\classes
[INFO] Copying 0 resource from src\main\resources to target\classes
[INFO] 
[INFO] --- compiler:3.14.0:compile (default-compile) @ QLDatVe ---
[INFO] Recompiling the module because of changed source code.
[INFO] Compiling 58 source files with javac [debug parameters release 21] to target\classes
[INFO] /E:/NguyenQuocKhanh/tester/QLDat_Ve/QLDat_Ve/automation_sandbox_20260327-170541/src/main/java/com/example/QLDatVe/config/ApplicationConfig.java: E:\NguyenQuocKhanh\tester\QLDat_Ve\QLDat_Ve\automation_sandbox_20260327-170541\src\main\java\com\example\QLDatVe\config\ApplicationConfig.java uses or overrides a deprecated API.
[INFO] /E:/NguyenQuocKhanh/tester/QLDat_Ve/QLDat_Ve/automation_sandbox_20260327-170541/src/main/java/com/example/QLDatVe/config/ApplicationConfig.java: Recompile with -Xlint:deprecation for details.
[INFO] /E:/NguyenQuocKhanh/tester/QLDat_Ve/QLDat_Ve/automation_sandbox_20260327-170541/src/main/java/com/example/QLDatVe/services/PaymentService.java: E:\NguyenQuocKhanh\tester\QLDat_Ve\QLDat_Ve\automation_sandbox_20260327-170541\src\main\java\com\example\QLDatVe\services\PaymentService.java uses unchecked or unsafe operations.
[INFO] /E:/NguyenQuocKhanh/tester/QLDat_Ve/QLDat_Ve/automation_sandbox_20260327-170541/src/main/java/com/example/QLDatVe/services/PaymentService.java: Recompile with -Xlint:unchecked for details.
[INFO] 
[INFO] --- resources:3.3.1:testResources (default-testResources) @ QLDatVe ---
[INFO] skip non existing resourceDirectory E:\NguyenQuocKhanh\tester\QLDat_Ve\QLDat_Ve\automation_sandbox_20260327-170541\src\test\resources
[INFO] 
[INFO] --- compiler:3.14.0:testCompile (default-testCompile) @ QLDatVe ---
[INFO] Recompiling the module because of changed dependency.
[INFO] Compiling 5 source files with javac [debug parameters release 21] to target\test-classes
[INFO] 
[INFO] --- surefire:3.5.4:test (default-test) @ QLDatVe ---
[INFO] Using auto detected provider org.apache.maven.surefire.junitplatform.JUnitPlatformProvider
[INFO] 
[INFO] -------------------------------------------------------
[INFO]  T E S T S
[INFO] -------------------------------------------------------
[INFO] Running com.example.QLDatVe.services.BookingValidationTest
[INFO] Tests run: 7, Failures: 0, Errors: 0, Skipped: 0, Time elapsed: 4.062 s -- in com.example.QLDatVe.services.BookingValidationTest
[INFO] 
[INFO] Results:
[INFO] 
[INFO] Tests run: 7, Failures: 0, Errors: 0, Skipped: 0
[INFO] 
[INFO] ------------------------------------------------------------------------
[INFO] BUILD SUCCESS
[INFO] ------------------------------------------------------------------------
[INFO] Total time:  24.690 s
[INFO] Finished at: 2026-03-27T17:06:13+07:00
[INFO] ------------------------------------------------------------------------
